[0m[[0m[0mdebug[0m] [0m[0mjavaOptions: Vector()[0m
[0m[[0m[0mdebug[0m] [0m[0mForking tests - parallelism = false[0m
[0m[[0m[0mdebug[0m] [0m[0mCreate a single-thread test executor[0m
[0m[[0m[0mdebug[0m] [0m[0mRunner for org.scalatest.tools.Framework produced 1 initial tasks for 1 tests.[0m
[0m[[0m[0mdebug[0m] [0m[0m  Running TaskDef(simulator.tests.HttpServiceSpec, sbt.ForkMain$SubclassFingerscan@3adab986, false, [SuiteSelector])[0m
[0m[[0m[0minfo[0m] [0m[0m[32mHttpServiceSpec:[0m[0m
[0m[[0m[0minfo[0m] [0m[0m[31m- return results when sent a simulation configuration *** FAILED ***[0m[0m
[0m[[0m[0minfo[0m] [0m[0m[31m  Request was rejected with rejection MalformedRequestContentRejection(Object is missing required member 'queue',spray.json.DeserializationException: Object is missing required member 'queue') (RouteTestResultComponent.scala:50)[0m[0m
[0m[[0m[0mdebug[0m] [0m[0m    Produced 0 nested tasks and 1 events.[0m
[0m[[0m[0minfo[0m] [0m[0m[36mRun completed in 2 seconds, 47 milliseconds.[0m[0m
[0m[[0m[0minfo[0m] [0m[0m[36mTotal number of tests run: 1[0m[0m
[0m[[0m[0minfo[0m] [0m[0m[36mSuites: completed 1, aborted 0[0m[0m
[0m[[0m[0minfo[0m] [0m[0m[36mTests: succeeded 0, failed 1, canceled 0, ignored 0, pending 0[0m[0m
[0m[[0m[0minfo[0m] [0m[0m[31m*** 1 TEST FAILED ***[0m[0m
[0m[[0m[31merror[0m] [0m[0mFailed tests:[0m
[0m[[0m[31merror[0m] [0m[0m	simulator.tests.HttpServiceSpec[0m
[0m[[0m[31merror[0m] [0m[0m(IntegrationTest / [31mtest[0m) sbt.TestsFailedException: Tests unsuccessful[0m
